27-May-2024 00:00:20.396 INFO [http-nio-8080-exec-225] org.apache.catalina.core.ApplicationContext.log Manager: list: Listing contexts for virtual host 'localhost'
27-May-2024 00:00:41.687 INFO [http-nio-8080-exec-228] org.apache.catalina.core.ApplicationContext.log Manager: list: Listing contexts for virtual host 'localhost'
27-May-2024 00:01:12.667 INFO [http-nio-8080-exec-223] org.apache.catalina.core.ApplicationContext.log Manager: list: Listing contexts for virtual host 'localhost'
27-May-2024 00:01:40.021 INFO [http-nio-8080-exec-222] org.apache.catalina.core.ApplicationContext.log Manager: list: Listing contexts for virtual host 'localhost'
27-May-2024 00:01:40.023 INFO [http-nio-8080-exec-221] org.apache.catalina.core.ApplicationContext.log Manager: undeploy: Undeploying web application at '/WebIntegradoProyecto'
27-May-2024 00:01:44.103 INFO [http-nio-8080-exec-225] org.apache.catalina.core.ApplicationContext.log Manager: list: Listing contexts for virtual host 'localhost'
27-May-2024 00:01:44.104 INFO [http-nio-8080-exec-226] org.apache.catalina.core.ApplicationContext.log Manager: list: Listing contexts for virtual host 'localhost'
27-May-2024 00:01:44.108 INFO [http-nio-8080-exec-219] org.apache.catalina.core.ApplicationContext.log Manager: install: Installing context configuration at 'file:/C:/Users/David/AppData/Local/Temp/context7067529786916673735.xml'
27-May-2024 00:01:44.484 INFO [http-nio-8080-exec-229] org.apache.catalina.core.ApplicationContext.log Manager: start: Starting web application '/WebIntegradoProyecto'
27-May-2024 00:02:14.249 INFO [http-nio-8080-exec-231] org.apache.catalina.core.ApplicationContext.log Manager: list: Listing contexts for virtual host 'localhost'
27-May-2024 00:02:41.987 INFO [http-nio-8080-exec-235] org.apache.catalina.core.ApplicationContext.log Manager: list: Listing contexts for virtual host 'localhost'
27-May-2024 00:02:45.029 INFO [http-nio-8080-exec-231] org.apache.catalina.core.ApplicationContext.log Manager: list: Listing contexts for virtual host 'localhost'
27-May-2024 00:02:45.031 INFO [http-nio-8080-exec-230] org.apache.catalina.core.ApplicationContext.log Manager: undeploy: Undeploying web application at '/WebIntegradoProyecto'
27-May-2024 00:03:09.857 INFO [http-nio-8080-exec-4] org.apache.catalina.core.ApplicationContext.log Manager: init: Associated with Deployer 'Catalina:type=Deployer,host=localhost'
27-May-2024 00:03:09.857 INFO [http-nio-8080-exec-4] org.apache.catalina.core.ApplicationContext.log Manager: init: Global resources are available
27-May-2024 00:03:09.896 INFO [http-nio-8080-exec-8] org.apache.catalina.core.ApplicationContext.log Manager: list: Listing contexts for virtual host 'localhost'
27-May-2024 00:03:09.900 INFO [http-nio-8080-exec-9] org.apache.catalina.core.ApplicationContext.log Manager: list: Listing contexts for virtual host 'localhost'
27-May-2024 00:03:09.911 INFO [http-nio-8080-exec-10] org.apache.catalina.core.ApplicationContext.log Manager: install: Installing context configuration at 'file:/C:/Users/David/AppData/Local/Temp/context3570324157033732271.xml'
27-May-2024 00:03:10.440 INFO [http-nio-8080-exec-1] org.apache.catalina.core.ApplicationContext.log Manager: start: Starting web application '/WebIntegradoProyecto'
27-May-2024 00:03:49.016 INFO [http-nio-8080-exec-4] org.apache.catalina.core.ApplicationContext.log Manager: list: Listing contexts for virtual host 'localhost'
27-May-2024 00:04:29.998 INFO [http-nio-8080-exec-1] org.apache.catalina.core.ApplicationContext.log Manager: list: Listing contexts for virtual host 'localhost'
27-May-2024 00:04:30.006 INFO [http-nio-8080-exec-9] org.apache.catalina.core.ApplicationContext.log Manager: restart: Reloading web application '/WebIntegradoProyecto'
27-May-2024 00:08:45.272 INFO [http-nio-8080-exec-12] org.apache.catalina.core.ApplicationContext.log Manager: list: Listing contexts for virtual host 'localhost'
27-May-2024 00:08:45.279 INFO [http-nio-8080-exec-13] org.apache.catalina.core.ApplicationContext.log Manager: restart: Reloading web application '/WebIntegradoProyecto'
27-May-2024 00:08:46.141 INFO [http-nio-8080-exec-3] org.apache.catalina.core.ApplicationContext.log Manager: list: Listing contexts for virtual host 'localhost'
27-May-2024 00:08:46.147 INFO [http-nio-8080-exec-14] org.apache.catalina.core.ApplicationContext.log Manager: restart: Reloading web application '/WebIntegradoProyecto'
27-May-2024 00:08:56.525 INFO [http-nio-8080-exec-2] org.apache.catalina.core.ApplicationContext.log Manager: list: Listing contexts for virtual host 'localhost'
27-May-2024 00:08:56.530 INFO [http-nio-8080-exec-13] org.apache.catalina.core.ApplicationContext.log Manager: restart: Reloading web application '/WebIntegradoProyecto'
27-May-2024 00:08:57.838 INFO [http-nio-8080-exec-18] org.apache.catalina.core.ApplicationContext.log Manager: list: Listing contexts for virtual host 'localhost'
27-May-2024 00:08:58.180 INFO [http-nio-8080-exec-17] org.apache.catalina.core.ApplicationContext.log Manager: list: Listing contexts for virtual host 'localhost'
27-May-2024 00:08:58.189 INFO [http-nio-8080-exec-2] org.apache.catalina.core.ApplicationContext.log Manager: restart: Reloading web application '/WebIntegradoProyecto'
27-May-2024 00:14:40.745 INFO [http-nio-8080-exec-22] org.apache.catalina.core.ApplicationContext.log Manager: list: Listing contexts for virtual host 'localhost'
27-May-2024 00:14:40.750 INFO [http-nio-8080-exec-23] org.apache.catalina.core.ApplicationContext.log Manager: restart: Reloading web application '/WebIntegradoProyecto'
27-May-2024 00:15:10.297 INFO [http-nio-8080-exec-8] org.apache.catalina.core.ApplicationContext.log Manager: list: Listing contexts for virtual host 'localhost'
27-May-2024 00:15:10.304 INFO [http-nio-8080-exec-2] org.apache.catalina.core.ApplicationContext.log Manager: restart: Reloading web application '/WebIntegradoProyecto'
27-May-2024 00:19:16.683 INFO [http-nio-8080-exec-29] org.apache.catalina.core.ApplicationContext.log Manager: list: Listing contexts for virtual host 'localhost'
27-May-2024 00:19:16.689 INFO [http-nio-8080-exec-31] org.apache.catalina.core.ApplicationContext.log Manager: restart: Reloading web application '/WebIntegradoProyecto'
27-May-2024 00:36:33.805 INFO [http-nio-8080-exec-33] org.apache.catalina.core.ApplicationContext.log Manager: list: Listing contexts for virtual host 'localhost'
27-May-2024 00:36:33.810 INFO [http-nio-8080-exec-35] org.apache.catalina.core.ApplicationContext.log Manager: restart: Reloading web application '/WebIntegradoProyecto'
27-May-2024 00:37:12.323 INFO [http-nio-8080-exec-36] org.apache.catalina.core.ApplicationContext.log Manager: list: Listing contexts for virtual host 'localhost'
27-May-2024 00:37:18.398 INFO [http-nio-8080-exec-41] org.apache.catalina.core.ApplicationContext.log Manager: list: Listing contexts for virtual host 'localhost'
27-May-2024 00:37:18.403 INFO [http-nio-8080-exec-43] org.apache.catalina.core.ApplicationContext.log Manager: restart: Reloading web application '/WebIntegradoProyecto'
27-May-2024 00:37:18.425 INFO [http-nio-8080-exec-33] org.apache.catalina.core.ApplicationContext.log Manager: list: Listing contexts for virtual host 'localhost'
27-May-2024 00:37:18.817 INFO [http-nio-8080-exec-39] org.apache.catalina.core.ApplicationContext.log Manager: undeploy: Undeploying web application at '/WebIntegradoProyecto'
27-May-2024 00:41:45.077 INFO [http-nio-8080-exec-49] org.apache.catalina.core.ApplicationContext.log Manager: list: Listing contexts for virtual host 'localhost'
27-May-2024 00:41:47.630 INFO [http-nio-8080-exec-46] org.apache.catalina.core.ApplicationContext.log Manager: list: Listing contexts for virtual host 'localhost'
27-May-2024 00:41:47.632 INFO [http-nio-8080-exec-33] org.apache.catalina.core.ApplicationContext.log Manager: list: Listing contexts for virtual host 'localhost'
27-May-2024 00:41:47.639 INFO [http-nio-8080-exec-44] org.apache.catalina.core.ApplicationContext.log Manager: install: Installing context configuration at 'file:/C:/Users/David/AppData/Local/Temp/context8075187386264290941.xml'
27-May-2024 00:41:48.046 INFO [http-nio-8080-exec-49] org.apache.catalina.core.ApplicationContext.log Manager: start: Starting web application '/WebIntegradoProyecto'
27-May-2024 01:08:40.542 INFO [http-nio-8080-exec-49] org.apache.catalina.core.ApplicationContext.log Manager: list: Listing contexts for virtual host 'localhost'
27-May-2024 01:08:40.547 INFO [http-nio-8080-exec-51] org.apache.catalina.core.ApplicationContext.log Manager: restart: Reloading web application '/WebIntegradoProyecto'
27-May-2024 01:08:41.261 INFO [http-nio-8080-exec-46] org.apache.catalina.core.ApplicationContext.log Manager: list: Listing contexts for virtual host 'localhost'
27-May-2024 01:08:41.265 INFO [http-nio-8080-exec-50] org.apache.catalina.core.ApplicationContext.log Manager: restart: Reloading web application '/WebIntegradoProyecto'
27-May-2024 01:09:33.457 INFO [http-nio-8080-exec-49] org.apache.catalina.core.ApplicationContext.log Manager: list: Listing contexts for virtual host 'localhost'
27-May-2024 01:09:33.461 INFO [http-nio-8080-exec-54] org.apache.catalina.core.ApplicationContext.log Manager: restart: Reloading web application '/WebIntegradoProyecto'
27-May-2024 01:09:36.610 INFO [http-nio-8080-exec-45] org.apache.catalina.core.ApplicationContext.log Manager: list: Listing contexts for virtual host 'localhost'
27-May-2024 01:09:36.615 INFO [http-nio-8080-exec-52] org.apache.catalina.core.ApplicationContext.log Manager: undeploy: Undeploying web application at '/WebIntegradoProyecto'
27-May-2024 01:09:36.620 INFO [http-nio-8080-exec-54] org.apache.catalina.core.ApplicationContext.log Manager: list: Listing contexts for virtual host 'localhost'
27-May-2024 01:09:37.139 INFO [http-nio-8080-exec-46] org.apache.catalina.core.ApplicationContext.log Manager: restart: Reloading web application '/WebIntegradoProyecto'
27-May-2024 01:37:27.523 INFO [http-nio-8080-exec-4] org.apache.catalina.core.ApplicationContext.log Manager: init: Associated with Deployer 'Catalina:type=Deployer,host=localhost'
27-May-2024 01:37:27.523 INFO [http-nio-8080-exec-4] org.apache.catalina.core.ApplicationContext.log Manager: init: Global resources are available
27-May-2024 01:37:27.541 INFO [http-nio-8080-exec-8] org.apache.catalina.core.ApplicationContext.log Manager: list: Listing contexts for virtual host 'localhost'
27-May-2024 01:37:27.544 INFO [http-nio-8080-exec-9] org.apache.catalina.core.ApplicationContext.log Manager: list: Listing contexts for virtual host 'localhost'
27-May-2024 01:37:27.555 INFO [http-nio-8080-exec-10] org.apache.catalina.core.ApplicationContext.log Manager: install: Installing context configuration at 'file:/C:/Users/David/AppData/Local/Temp/context13745145854056864897.xml'
27-May-2024 01:37:28.075 INFO [http-nio-8080-exec-1] org.apache.catalina.core.ApplicationContext.log Manager: start: Starting web application '/WebIntegradoProyecto'
27-May-2024 01:40:01.282 INFO [http-nio-8080-exec-3] org.apache.catalina.core.ApplicationContext.log Manager: list: Listing contexts for virtual host 'localhost'
27-May-2024 01:40:05.414 INFO [http-nio-8080-exec-4] org.apache.catalina.core.ApplicationContext.log Manager: list: Listing contexts for virtual host 'localhost'
27-May-2024 01:40:05.418 INFO [http-nio-8080-exec-5] org.apache.catalina.core.ApplicationContext.log Manager: undeploy: Undeploying web application at '/WebIntegradoProyecto'
27-May-2024 01:40:12.514 INFO [http-nio-8080-exec-7] org.apache.catalina.core.ApplicationContext.log Manager: list: Listing contexts for virtual host 'localhost'
27-May-2024 01:40:12.516 INFO [http-nio-8080-exec-1] org.apache.catalina.core.ApplicationContext.log Manager: list: Listing contexts for virtual host 'localhost'
27-May-2024 01:40:12.522 INFO [http-nio-8080-exec-4] org.apache.catalina.core.ApplicationContext.log Manager: install: Installing context configuration at 'file:/C:/Users/David/AppData/Local/Temp/context10293139751757256994.xml'
27-May-2024 01:40:12.982 INFO [http-nio-8080-exec-11] org.apache.catalina.core.ApplicationContext.log Manager: start: Starting web application '/WebIntegradoProyecto'
27-May-2024 01:42:04.002 INFO [http-nio-8080-exec-17] org.apache.catalina.core.ApplicationContext.log Manager: list: Listing contexts for virtual host 'localhost'
27-May-2024 01:42:04.006 INFO [http-nio-8080-exec-12] org.apache.catalina.core.ApplicationContext.log Manager: restart: Reloading web application '/WebIntegradoProyecto'
27-May-2024 01:42:38.463 INFO [http-nio-8080-exec-15] org.apache.catalina.core.ApplicationContext.log Manager: list: Listing contexts for virtual host 'localhost'
27-May-2024 01:42:38.466 INFO [http-nio-8080-exec-18] org.apache.catalina.core.ApplicationContext.log Manager: undeploy: Undeploying web application at '/WebIntegradoProyecto'
27-May-2024 01:42:41.025 INFO [http-nio-8080-exec-23] org.apache.catalina.core.ApplicationContext.log Manager: list: Listing contexts for virtual host 'localhost'
27-May-2024 01:42:41.027 INFO [http-nio-8080-exec-20] org.apache.catalina.core.ApplicationContext.log Manager: list: Listing contexts for virtual host 'localhost'
27-May-2024 01:42:41.034 INFO [http-nio-8080-exec-14] org.apache.catalina.core.ApplicationContext.log Manager: install: Installing context configuration at 'file:/C:/Users/David/AppData/Local/Temp/context11916365474217253621.xml'
27-May-2024 01:42:41.456 INFO [http-nio-8080-exec-18] org.apache.catalina.core.ApplicationContext.log Manager: start: Starting web application '/WebIntegradoProyecto'
27-May-2024 02:09:38.027 INFO [http-nio-8080-exec-30] org.apache.catalina.core.ApplicationContext.log Manager: list: Listing contexts for virtual host 'localhost'
27-May-2024 02:10:58.781 INFO [http-nio-8080-exec-24] org.apache.catalina.core.ApplicationContext.log Manager: list: Listing contexts for virtual host 'localhost'
27-May-2024 02:11:17.026 INFO [http-nio-8080-exec-26] org.apache.catalina.core.ApplicationContext.log Manager: list: Listing contexts for virtual host 'localhost'
27-May-2024 02:11:59.284 INFO [http-nio-8080-exec-29] org.apache.catalina.core.ApplicationContext.log Manager: list: Listing contexts for virtual host 'localhost'
27-May-2024 02:12:05.508 INFO [http-nio-8080-exec-29] org.apache.catalina.core.ApplicationContext.log Manager: list: Listing contexts for virtual host 'localhost'
27-May-2024 02:12:11.332 INFO [http-nio-8080-exec-29] org.apache.catalina.core.ApplicationContext.log Manager: list: Listing contexts for virtual host 'localhost'
27-May-2024 02:12:19.263 INFO [http-nio-8080-exec-29] org.apache.catalina.core.ApplicationContext.log Manager: list: Listing contexts for virtual host 'localhost'
27-May-2024 02:19:42.078 INFO [http-nio-8080-exec-29] org.apache.catalina.core.ApplicationContext.log Manager: list: Listing contexts for virtual host 'localhost'
27-May-2024 02:19:42.083 INFO [http-nio-8080-exec-26] org.apache.catalina.core.ApplicationContext.log Manager: restart: Reloading web application '/WebIntegradoProyecto'
27-May-2024 02:20:25.109 INFO [http-nio-8080-exec-30] org.apache.catalina.core.ApplicationContext.log Manager: list: Listing contexts for virtual host 'localhost'
27-May-2024 02:20:25.113 INFO [http-nio-8080-exec-25] org.apache.catalina.core.ApplicationContext.log Manager: restart: Reloading web application '/WebIntegradoProyecto'
27-May-2024 02:20:33.678 INFO [http-nio-8080-exec-23] org.apache.catalina.core.ApplicationContext.log Manager: list: Listing contexts for virtual host 'localhost'
27-May-2024 02:20:33.679 INFO [http-nio-8080-exec-30] org.apache.catalina.core.ApplicationContext.log Manager: list: Listing contexts for virtual host 'localhost'
27-May-2024 02:20:33.697 INFO [http-nio-8080-exec-33] org.apache.catalina.core.ApplicationContext.log Manager: restart: Reloading web application '/WebIntegradoProyecto'
27-May-2024 02:22:54.190 INFO [http-nio-8080-exec-40] org.apache.catalina.core.ApplicationContext.log Manager: list: Listing contexts for virtual host 'localhost'
27-May-2024 02:23:20.573 INFO [http-nio-8080-exec-37] org.apache.catalina.core.ApplicationContext.log Manager: list: Listing contexts for virtual host 'localhost'
27-May-2024 02:24:52.459 INFO [http-nio-8080-exec-37] org.apache.catalina.core.ApplicationContext.log Manager: list: Listing contexts for virtual host 'localhost'
27-May-2024 02:25:39.436 INFO [http-nio-8080-exec-43] org.apache.catalina.core.ApplicationContext.log Manager: list: Listing contexts for virtual host 'localhost'
27-May-2024 02:26:05.982 INFO [http-nio-8080-exec-45] org.apache.catalina.core.ApplicationContext.log Manager: list: Listing contexts for virtual host 'localhost'
27-May-2024 02:26:31.975 INFO [http-nio-8080-exec-38] org.apache.catalina.core.ApplicationContext.log Manager: list: Listing contexts for virtual host 'localhost'
27-May-2024 02:27:05.221 INFO [http-nio-8080-exec-39] org.apache.catalina.core.ApplicationContext.log Manager: list: Listing contexts for virtual host 'localhost'
27-May-2024 02:27:13.942 INFO [http-nio-8080-exec-40] org.apache.catalina.core.ApplicationContext.log Manager: list: Listing contexts for virtual host 'localhost'
27-May-2024 02:27:21.815 INFO [http-nio-8080-exec-42] org.apache.catalina.core.ApplicationContext.log Manager: list: Listing contexts for virtual host 'localhost'
27-May-2024 02:27:28.455 INFO [http-nio-8080-exec-42] org.apache.catalina.core.ApplicationContext.log Manager: list: Listing contexts for virtual host 'localhost'
27-May-2024 02:29:10.288 INFO [http-nio-8080-exec-40] org.apache.catalina.core.ApplicationContext.log Manager: list: Listing contexts for virtual host 'localhost'
27-May-2024 02:30:50.244 INFO [http-nio-8080-exec-41] org.apache.catalina.core.ApplicationContext.log Manager: list: Listing contexts for virtual host 'localhost'
27-May-2024 02:31:07.618 INFO [http-nio-8080-exec-45] org.apache.catalina.core.ApplicationContext.log Manager: list: Listing contexts for virtual host 'localhost'
27-May-2024 02:31:15.377 INFO [http-nio-8080-exec-41] org.apache.catalina.core.ApplicationContext.log Manager: list: Listing contexts for virtual host 'localhost'
27-May-2024 02:31:22.772 INFO [http-nio-8080-exec-40] org.apache.catalina.core.ApplicationContext.log Manager: list: Listing contexts for virtual host 'localhost'
27-May-2024 02:31:52.266 INFO [http-nio-8080-exec-41] org.apache.catalina.core.ApplicationContext.log Manager: list: Listing contexts for virtual host 'localhost'
27-May-2024 02:32:07.446 INFO [http-nio-8080-exec-43] org.apache.catalina.core.ApplicationContext.log Manager: list: Listing contexts for virtual host 'localhost'
27-May-2024 02:32:19.380 INFO [http-nio-8080-exec-43] org.apache.catalina.core.ApplicationContext.log Manager: list: Listing contexts for virtual host 'localhost'
27-May-2024 02:33:35.378 INFO [http-nio-8080-exec-37] org.apache.catalina.core.ApplicationContext.log Manager: list: Listing contexts for virtual host 'localhost'
27-May-2024 02:34:08.376 INFO [http-nio-8080-exec-40] org.apache.catalina.core.ApplicationContext.log Manager: list: Listing contexts for virtual host 'localhost'
27-May-2024 02:34:08.379 INFO [http-nio-8080-exec-43] org.apache.catalina.core.ApplicationContext.log Manager: undeploy: Undeploying web application at '/WebIntegradoProyecto'
27-May-2024 02:34:10.965 INFO [http-nio-8080-exec-47] org.apache.catalina.core.ApplicationContext.log Manager: list: Listing contexts for virtual host 'localhost'
27-May-2024 02:34:10.968 INFO [http-nio-8080-exec-42] org.apache.catalina.core.ApplicationContext.log Manager: list: Listing contexts for virtual host 'localhost'
27-May-2024 02:34:10.974 INFO [http-nio-8080-exec-39] org.apache.catalina.core.ApplicationContext.log Manager: install: Installing context configuration at 'file:/C:/Users/David/AppData/Local/Temp/context245520706352960451.xml'
27-May-2024 02:34:11.415 INFO [http-nio-8080-exec-41] org.apache.catalina.core.ApplicationContext.log Manager: start: Starting web application '/WebIntegradoProyecto'
27-May-2024 02:36:41.083 INFO [http-nio-8080-exec-49] org.apache.catalina.core.ApplicationContext.log Manager: list: Listing contexts for virtual host 'localhost'
27-May-2024 02:43:55.623 INFO [http-nio-8080-exec-46] org.apache.catalina.core.ApplicationContext.log Manager: list: Listing contexts for virtual host 'localhost'
27-May-2024 02:43:55.626 INFO [http-nio-8080-exec-47] org.apache.catalina.core.ApplicationContext.log Manager: restart: Reloading web application '/WebIntegradoProyecto'
27-May-2024 02:43:56.354 INFO [http-nio-8080-exec-54] org.apache.catalina.core.ApplicationContext.log Manager: list: Listing contexts for virtual host 'localhost'
27-May-2024 02:43:56.357 INFO [http-nio-8080-exec-51] org.apache.catalina.core.ApplicationContext.log Manager: restart: Reloading web application '/WebIntegradoProyecto'
27-May-2024 02:44:02.808 INFO [http-nio-8080-exec-49] org.apache.catalina.core.ApplicationContext.log Manager: list: Listing contexts for virtual host 'localhost'
27-May-2024 02:44:02.811 INFO [http-nio-8080-exec-55] org.apache.catalina.core.ApplicationContext.log Manager: restart: Reloading web application '/WebIntegradoProyecto'
27-May-2024 02:47:02.966 INFO [http-nio-8080-exec-51] org.apache.catalina.core.ApplicationContext.log Manager: list: Listing contexts for virtual host 'localhost'
27-May-2024 02:47:02.971 INFO [http-nio-8080-exec-57] org.apache.catalina.core.ApplicationContext.log Manager: restart: Reloading web application '/WebIntegradoProyecto'
27-May-2024 02:54:34.022 INFO [http-nio-8080-exec-64] org.apache.catalina.core.ApplicationContext.log Manager: list: Listing contexts for virtual host 'localhost'
27-May-2024 02:54:34.026 INFO [http-nio-8080-exec-63] org.apache.catalina.core.ApplicationContext.log Manager: restart: Reloading web application '/WebIntegradoProyecto'
27-May-2024 02:56:45.448 INFO [http-nio-8080-exec-65] org.apache.catalina.core.ApplicationContext.log Manager: list: Listing contexts for virtual host 'localhost'
27-May-2024 02:56:45.452 INFO [http-nio-8080-exec-62] org.apache.catalina.core.ApplicationContext.log Manager: restart: Reloading web application '/WebIntegradoProyecto'
27-May-2024 02:56:48.414 INFO [http-nio-8080-exec-65] org.apache.catalina.core.ApplicationContext.log Manager: list: Listing contexts for virtual host 'localhost'
27-May-2024 02:56:48.417 INFO [http-nio-8080-exec-57] org.apache.catalina.core.ApplicationContext.log Manager: undeploy: Undeploying web application at '/WebIntegradoProyecto'
27-May-2024 02:56:48.450 INFO [http-nio-8080-exec-56] org.apache.catalina.core.ApplicationContext.log Manager: list: Listing contexts for virtual host 'localhost'
27-May-2024 02:56:48.939 INFO [http-nio-8080-exec-63] org.apache.catalina.core.ApplicationContext.log Manager: restart: Reloading web application '/WebIntegradoProyecto'
27-May-2024 02:56:52.890 INFO [http-nio-8080-exec-72] org.apache.catalina.core.ApplicationContext.log Manager: list: Listing contexts for virtual host 'localhost'
27-May-2024 02:56:52.892 INFO [http-nio-8080-exec-56] org.apache.catalina.core.ApplicationContext.log Manager: list: Listing contexts for virtual host 'localhost'
27-May-2024 02:56:52.898 INFO [http-nio-8080-exec-57] org.apache.catalina.core.ApplicationContext.log Manager: install: Installing context configuration at 'file:/C:/Users/David/AppData/Local/Temp/context1715641928435303502.xml'
27-May-2024 02:56:53.282 INFO [http-nio-8080-exec-63] org.apache.catalina.core.ApplicationContext.log Manager: start: Starting web application '/WebIntegradoProyecto'
27-May-2024 03:13:30.225 INFO [http-nio-8080-exec-76] org.apache.catalina.core.ApplicationContext.log Manager: list: Listing contexts for virtual host 'localhost'
27-May-2024 03:13:30.227 INFO [http-nio-8080-exec-75] org.apache.catalina.core.ApplicationContext.log Manager: list: Listing contexts for virtual host 'localhost'
27-May-2024 03:13:30.231 INFO [http-nio-8080-exec-81] org.apache.catalina.core.ApplicationContext.log Manager: undeploy: Undeploying web application at '/WebIntegradoProyecto'
27-May-2024 03:13:30.767 INFO [http-nio-8080-exec-79] org.apache.catalina.core.ApplicationContext.log Manager: install: Installing context configuration at 'file:/C:/Users/David/AppData/Local/Temp/context12052931187204185660.xml'
27-May-2024 03:13:31.373 INFO [http-nio-8080-exec-75] org.apache.catalina.core.ApplicationContext.log Manager: start: Starting web application '/WebIntegradoProyecto'
27-May-2024 03:13:56.918 INFO [http-nio-8080-exec-83] org.apache.catalina.core.ApplicationContext.log Manager: list: Listing contexts for virtual host 'localhost'
27-May-2024 03:13:56.921 INFO [http-nio-8080-exec-74] org.apache.catalina.core.ApplicationContext.log Manager: restart: Reloading web application '/WebIntegradoProyecto'
27-May-2024 03:14:46.708 INFO [http-nio-8080-exec-78] org.apache.catalina.core.ApplicationContext.log Manager: list: Listing contexts for virtual host 'localhost'
27-May-2024 03:14:46.712 INFO [http-nio-8080-exec-84] org.apache.catalina.core.ApplicationContext.log Manager: restart: Reloading web application '/WebIntegradoProyecto'
27-May-2024 03:16:08.449 INFO [http-nio-8080-exec-73] org.apache.catalina.core.ApplicationContext.log Manager: list: Listing contexts for virtual host 'localhost'
27-May-2024 03:16:08.453 INFO [http-nio-8080-exec-79] org.apache.catalina.core.ApplicationContext.log Manager: restart: Reloading web application '/WebIntegradoProyecto'
27-May-2024 03:16:12.581 INFO [http-nio-8080-exec-74] org.apache.catalina.core.ApplicationContext.log Manager: list: Listing contexts for virtual host 'localhost'
27-May-2024 03:16:12.584 INFO [http-nio-8080-exec-85] org.apache.catalina.core.ApplicationContext.log Manager: undeploy: Undeploying web application at '/WebIntegradoProyecto'
27-May-2024 03:16:15.119 INFO [http-nio-8080-exec-83] org.apache.catalina.core.ApplicationContext.log Manager: list: Listing contexts for virtual host 'localhost'
27-May-2024 03:16:15.121 INFO [http-nio-8080-exec-88] org.apache.catalina.core.ApplicationContext.log Manager: list: Listing contexts for virtual host 'localhost'
27-May-2024 03:16:15.126 INFO [http-nio-8080-exec-84] org.apache.catalina.core.ApplicationContext.log Manager: install: Installing context configuration at 'file:/C:/Users/David/AppData/Local/Temp/context10838673887856931395.xml'
27-May-2024 03:16:15.510 INFO [http-nio-8080-exec-85] org.apache.catalina.core.ApplicationContext.log Manager: start: Starting web application '/WebIntegradoProyecto'
27-May-2024 03:30:42.916 INFO [http-nio-8080-exec-94] org.apache.catalina.core.ApplicationContext.log Manager: list: Listing contexts for virtual host 'localhost'
27-May-2024 03:30:42.919 INFO [http-nio-8080-exec-95] org.apache.catalina.core.ApplicationContext.log Manager: restart: Reloading web application '/WebIntegradoProyecto'
27-May-2024 03:30:47.363 INFO [http-nio-8080-exec-90] org.apache.catalina.core.ApplicationContext.log Manager: list: Listing contexts for virtual host 'localhost'
27-May-2024 03:30:47.365 INFO [http-nio-8080-exec-97] org.apache.catalina.core.ApplicationContext.log Manager: undeploy: Undeploying web application at '/WebIntegradoProyecto'
27-May-2024 03:32:25.318 INFO [http-nio-8080-exec-3] org.apache.catalina.core.ApplicationContext.log Manager: init: Associated with Deployer 'Catalina:type=Deployer,host=localhost'
27-May-2024 03:32:25.318 INFO [http-nio-8080-exec-3] org.apache.catalina.core.ApplicationContext.log Manager: init: Global resources are available
27-May-2024 03:32:25.338 INFO [http-nio-8080-exec-7] org.apache.catalina.core.ApplicationContext.log Manager: list: Listing contexts for virtual host 'localhost'
27-May-2024 03:32:25.341 INFO [http-nio-8080-exec-8] org.apache.catalina.core.ApplicationContext.log Manager: list: Listing contexts for virtual host 'localhost'
27-May-2024 03:32:25.352 INFO [http-nio-8080-exec-9] org.apache.catalina.core.ApplicationContext.log Manager: install: Installing context configuration at 'file:/C:/Users/David/AppData/Local/Temp/context984034431953388008.xml'
27-May-2024 03:32:25.948 INFO [http-nio-8080-exec-10] org.apache.catalina.core.ApplicationContext.log Manager: start: Starting web application '/WebIntegradoProyecto'
27-May-2024 03:39:27.215 INFO [http-nio-8080-exec-10] org.apache.catalina.core.ApplicationContext.log Manager: list: Listing contexts for virtual host 'localhost'
27-May-2024 03:39:27.224 INFO [http-nio-8080-exec-9] org.apache.catalina.core.ApplicationContext.log Manager: restart: Reloading web application '/WebIntegradoProyecto'
27-May-2024 03:40:08.160 INFO [http-nio-8080-exec-5] org.apache.catalina.core.ApplicationContext.log Manager: list: Listing contexts for virtual host 'localhost'
27-May-2024 03:40:08.165 INFO [http-nio-8080-exec-3] org.apache.catalina.core.ApplicationContext.log Manager: restart: Reloading web application '/WebIntegradoProyecto'
27-May-2024 03:40:31.629 INFO [http-nio-8080-exec-1] org.apache.catalina.core.ApplicationContext.log Manager: list: Listing contexts for virtual host 'localhost'
27-May-2024 03:40:31.634 INFO [http-nio-8080-exec-6] org.apache.catalina.core.ApplicationContext.log Manager: restart: Reloading web application '/WebIntegradoProyecto'
27-May-2024 03:41:15.613 INFO [http-nio-8080-exec-2] org.apache.catalina.core.ApplicationContext.log Manager: list: Listing contexts for virtual host 'localhost'
27-May-2024 03:41:15.617 INFO [http-nio-8080-exec-13] org.apache.catalina.core.ApplicationContext.log Manager: undeploy: Undeploying web application at '/WebIntegradoProyecto'
27-May-2024 03:41:18.800 INFO [http-nio-8080-exec-6] org.apache.catalina.core.ApplicationContext.log Manager: list: Listing contexts for virtual host 'localhost'
27-May-2024 03:41:18.802 INFO [http-nio-8080-exec-1] org.apache.catalina.core.ApplicationContext.log Manager: list: Listing contexts for virtual host 'localhost'
27-May-2024 03:41:18.809 INFO [http-nio-8080-exec-12] org.apache.catalina.core.ApplicationContext.log Manager: install: Installing context configuration at 'file:/C:/Users/David/AppData/Local/Temp/context658935345965896331.xml'
27-May-2024 03:41:19.215 INFO [http-nio-8080-exec-13] org.apache.catalina.core.ApplicationContext.log Manager: start: Starting web application '/WebIntegradoProyecto'
27-May-2024 03:44:28.852 INFO [http-nio-8080-exec-19] org.apache.catalina.core.ApplicationContext.log Manager: list: Listing contexts for virtual host 'localhost'
27-May-2024 03:44:28.854 INFO [http-nio-8080-exec-15] org.apache.catalina.core.ApplicationContext.log Manager: list: Listing contexts for virtual host 'localhost'
27-May-2024 03:46:32.337 INFO [http-nio-8080-exec-18] org.apache.catalina.core.ApplicationContext.log Manager: list: Listing contexts for virtual host 'localhost'
27-May-2024 03:46:32.341 INFO [http-nio-8080-exec-24] org.apache.catalina.core.ApplicationContext.log Manager: restart: Reloading web application '/WebIntegradoProyecto'
27-May-2024 03:46:42.086 INFO [http-nio-8080-exec-20] org.apache.catalina.core.ApplicationContext.log Manager: list: Listing contexts for virtual host 'localhost'
27-May-2024 03:46:42.089 INFO [http-nio-8080-exec-19] org.apache.catalina.core.ApplicationContext.log Manager: restart: Reloading web application '/WebIntegradoProyecto'
27-May-2024 03:46:46.593 INFO [http-nio-8080-exec-26] org.apache.catalina.core.ApplicationContext.log Manager: list: Listing contexts for virtual host 'localhost'
27-May-2024 03:46:46.597 INFO [http-nio-8080-exec-22] org.apache.catalina.core.ApplicationContext.log Manager: undeploy: Undeploying web application at '/WebIntegradoProyecto'
27-May-2024 03:46:49.001 INFO [http-nio-8080-exec-23] org.apache.catalina.core.ApplicationContext.log Manager: list: Listing contexts for virtual host 'localhost'
27-May-2024 03:46:49.002 INFO [http-nio-8080-exec-25] org.apache.catalina.core.ApplicationContext.log Manager: list: Listing contexts for virtual host 'localhost'
27-May-2024 03:46:49.009 INFO [http-nio-8080-exec-19] org.apache.catalina.core.ApplicationContext.log Manager: install: Installing context configuration at 'file:/C:/Users/David/AppData/Local/Temp/context17993326161582355743.xml'
27-May-2024 03:46:49.405 INFO [http-nio-8080-exec-22] org.apache.catalina.core.ApplicationContext.log Manager: start: Starting web application '/WebIntegradoProyecto'
27-May-2024 03:57:45.641 INFO [http-nio-8080-exec-32] org.apache.catalina.core.ApplicationContext.log Manager: list: Listing contexts for virtual host 'localhost'
27-May-2024 03:57:45.645 INFO [http-nio-8080-exec-33] org.apache.catalina.core.ApplicationContext.log Manager: restart: Reloading web application '/WebIntegradoProyecto'
27-May-2024 04:05:49.776 INFO [http-nio-8080-exec-40] org.apache.catalina.core.ApplicationContext.log Manager: list: Listing contexts for virtual host 'localhost'
27-May-2024 04:05:49.782 INFO [http-nio-8080-exec-39] org.apache.catalina.core.ApplicationContext.log Manager: restart: Reloading web application '/WebIntegradoProyecto'
27-May-2024 04:08:07.956 INFO [http-nio-8080-exec-42] org.apache.catalina.core.ApplicationContext.log Manager: list: Listing contexts for virtual host 'localhost'
27-May-2024 04:08:07.960 INFO [http-nio-8080-exec-51] org.apache.catalina.core.ApplicationContext.log Manager: restart: Reloading web application '/WebIntegradoProyecto'
27-May-2024 04:10:10.366 INFO [http-nio-8080-exec-47] org.apache.catalina.core.ApplicationContext.log Manager: list: Listing contexts for virtual host 'localhost'
27-May-2024 04:10:10.370 INFO [http-nio-8080-exec-48] org.apache.catalina.core.ApplicationContext.log Manager: restart: Reloading web application '/WebIntegradoProyecto'
27-May-2024 04:10:10.539 INFO [http-nio-8080-exec-45] org.apache.catalina.core.ApplicationContext.log Manager: list: Listing contexts for virtual host 'localhost'
27-May-2024 04:10:10.540 INFO [http-nio-8080-exec-51] org.apache.catalina.core.ApplicationContext.log Manager: list: Listing contexts for virtual host 'localhost'
27-May-2024 04:10:10.783 INFO [http-nio-8080-exec-40] org.apache.catalina.core.ApplicationContext.log Manager: restart: Reloading web application '/WebIntegradoProyecto'
27-May-2024 04:14:15.971 INFO [http-nio-8080-exec-59] org.apache.catalina.core.ApplicationContext.log Manager: list: Listing contexts for virtual host 'localhost'
27-May-2024 04:14:15.975 INFO [http-nio-8080-exec-56] org.apache.catalina.core.ApplicationContext.log Manager: restart: Reloading web application '/WebIntegradoProyecto'
27-May-2024 04:14:16.702 INFO [http-nio-8080-exec-62] org.apache.catalina.core.ApplicationContext.log Manager: list: Listing contexts for virtual host 'localhost'
27-May-2024 04:14:16.705 INFO [http-nio-8080-exec-55] org.apache.catalina.core.ApplicationContext.log Manager: restart: Reloading web application '/WebIntegradoProyecto'
27-May-2024 04:14:58.228 INFO [http-nio-8080-exec-65] org.apache.catalina.core.ApplicationContext.log Manager: list: Listing contexts for virtual host 'localhost'
27-May-2024 04:14:58.232 INFO [http-nio-8080-exec-61] org.apache.catalina.core.ApplicationContext.log Manager: restart: Reloading web application '/WebIntegradoProyecto'
27-May-2024 04:15:05.131 INFO [http-nio-8080-exec-59] org.apache.catalina.core.ApplicationContext.log Manager: list: Listing contexts for virtual host 'localhost'
27-May-2024 04:15:05.136 INFO [http-nio-8080-exec-65] org.apache.catalina.core.ApplicationContext.log Manager: restart: Reloading web application '/WebIntegradoProyecto'
27-May-2024 04:15:39.540 INFO [http-nio-8080-exec-66] org.apache.catalina.core.ApplicationContext.log Manager: list: Listing contexts for virtual host 'localhost'
27-May-2024 04:15:39.543 INFO [http-nio-8080-exec-67] org.apache.catalina.core.ApplicationContext.log Manager: restart: Reloading web application '/WebIntegradoProyecto'
27-May-2024 04:16:28.390 INFO [http-nio-8080-exec-61] org.apache.catalina.core.ApplicationContext.log Manager: list: Listing contexts for virtual host 'localhost'
27-May-2024 04:16:28.394 INFO [http-nio-8080-exec-66] org.apache.catalina.core.ApplicationContext.log Manager: restart: Reloading web application '/WebIntegradoProyecto'
27-May-2024 04:17:10.520 INFO [http-nio-8080-exec-58] org.apache.catalina.core.ApplicationContext.log Manager: list: Listing contexts for virtual host 'localhost'
27-May-2024 04:17:10.524 INFO [http-nio-8080-exec-61] org.apache.catalina.core.ApplicationContext.log Manager: restart: Reloading web application '/WebIntegradoProyecto'
27-May-2024 04:17:27.039 INFO [http-nio-8080-exec-69] org.apache.catalina.core.ApplicationContext.log Manager: list: Listing contexts for virtual host 'localhost'
27-May-2024 04:17:27.043 INFO [http-nio-8080-exec-65] org.apache.catalina.core.ApplicationContext.log Manager: restart: Reloading web application '/WebIntegradoProyecto'
27-May-2024 04:28:40.826 INFO [http-nio-8080-exec-75] org.apache.catalina.core.ApplicationContext.log Manager: list: Listing contexts for virtual host 'localhost'
27-May-2024 04:28:40.830 INFO [http-nio-8080-exec-74] org.apache.catalina.core.ApplicationContext.log Manager: restart: Reloading web application '/WebIntegradoProyecto'
27-May-2024 04:28:42.747 INFO [http-nio-8080-exec-78] org.apache.catalina.core.ApplicationContext.log Manager: list: Listing contexts for virtual host 'localhost'
27-May-2024 04:28:42.751 INFO [http-nio-8080-exec-72] org.apache.catalina.core.ApplicationContext.log Manager: restart: Reloading web application '/WebIntegradoProyecto'
27-May-2024 04:28:42.964 INFO [http-nio-8080-exec-80] org.apache.catalina.core.ApplicationContext.log Manager: list: Listing contexts for virtual host 'localhost'
27-May-2024 04:28:42.966 INFO [http-nio-8080-exec-75] org.apache.catalina.core.ApplicationContext.log Manager: list: Listing contexts for virtual host 'localhost'
27-May-2024 04:28:43.171 INFO [http-nio-8080-exec-78] org.apache.catalina.core.ApplicationContext.log Manager: restart: Reloading web application '/WebIntegradoProyecto'
27-May-2024 04:34:47.417 INFO [http-nio-8080-exec-84] org.apache.catalina.core.ApplicationContext.log Manager: list: Listing contexts for virtual host 'localhost'
27-May-2024 04:34:47.421 INFO [http-nio-8080-exec-89] org.apache.catalina.core.ApplicationContext.log Manager: restart: Reloading web application '/WebIntegradoProyecto'
27-May-2024 04:35:29.108 INFO [http-nio-8080-exec-85] org.apache.catalina.core.ApplicationContext.log Manager: list: Listing contexts for virtual host 'localhost'
27-May-2024 04:35:29.112 INFO [http-nio-8080-exec-92] org.apache.catalina.core.ApplicationContext.log Manager: restart: Reloading web application '/WebIntegradoProyecto'
27-May-2024 04:41:18.774 INFO [http-nio-8080-exec-99] org.apache.catalina.core.ApplicationContext.log Manager: list: Listing contexts for virtual host 'localhost'
27-May-2024 04:41:18.779 INFO [http-nio-8080-exec-98] org.apache.catalina.core.ApplicationContext.log Manager: restart: Reloading web application '/WebIntegradoProyecto'
27-May-2024 04:41:19.992 INFO [http-nio-8080-exec-100] org.apache.catalina.core.ApplicationContext.log Manager: list: Listing contexts for virtual host 'localhost'
27-May-2024 04:41:19.993 INFO [http-nio-8080-exec-87] org.apache.catalina.core.ApplicationContext.log Manager: list: Listing contexts for virtual host 'localhost'
27-May-2024 04:41:20.014 INFO [http-nio-8080-exec-91] org.apache.catalina.core.ApplicationContext.log Manager: restart: Reloading web application '/WebIntegradoProyecto'
27-May-2024 04:42:32.807 INFO [http-nio-8080-exec-107] org.apache.catalina.core.ApplicationContext.log Manager: list: Listing contexts for virtual host 'localhost'
27-May-2024 04:42:32.811 INFO [http-nio-8080-exec-108] org.apache.catalina.core.ApplicationContext.log Manager: restart: Reloading web application '/WebIntegradoProyecto'
27-May-2024 04:42:37.492 INFO [http-nio-8080-exec-110] org.apache.catalina.core.ApplicationContext.log Manager: list: Listing contexts for virtual host 'localhost'
27-May-2024 04:42:37.496 INFO [http-nio-8080-exec-112] org.apache.catalina.core.ApplicationContext.log Manager: restart: Reloading web application '/WebIntegradoProyecto'
27-May-2024 04:42:41.533 INFO [http-nio-8080-exec-113] org.apache.catalina.core.ApplicationContext.log Manager: list: Listing contexts for virtual host 'localhost'
27-May-2024 04:42:41.537 INFO [http-nio-8080-exec-107] org.apache.catalina.core.ApplicationContext.log Manager: restart: Reloading web application '/WebIntegradoProyecto'
27-May-2024 04:44:58.023 INFO [http-nio-8080-exec-118] org.apache.catalina.core.ApplicationContext.log Manager: list: Listing contexts for virtual host 'localhost'
27-May-2024 04:44:58.026 INFO [http-nio-8080-exec-119] org.apache.catalina.core.ApplicationContext.log Manager: restart: Reloading web application '/WebIntegradoProyecto'
27-May-2024 04:47:52.354 INFO [http-nio-8080-exec-115] org.apache.catalina.core.ApplicationContext.log Manager: list: Listing contexts for virtual host 'localhost'
27-May-2024 04:47:52.357 INFO [http-nio-8080-exec-128] org.apache.catalina.core.ApplicationContext.log Manager: restart: Reloading web application '/WebIntegradoProyecto'
27-May-2024 04:49:27.957 INFO [http-nio-8080-exec-118] org.apache.catalina.core.ApplicationContext.log Manager: list: Listing contexts for virtual host 'localhost'
27-May-2024 04:49:27.961 INFO [http-nio-8080-exec-115] org.apache.catalina.core.ApplicationContext.log Manager: restart: Reloading web application '/WebIntegradoProyecto'
27-May-2024 04:49:28.666 INFO [http-nio-8080-exec-117] org.apache.catalina.core.ApplicationContext.log Manager: list: Listing contexts for virtual host 'localhost'
27-May-2024 04:49:28.669 INFO [http-nio-8080-exec-128] org.apache.catalina.core.ApplicationContext.log Manager: restart: Reloading web application '/WebIntegradoProyecto'
27-May-2024 04:52:58.513 INFO [http-nio-8080-exec-133] org.apache.catalina.core.ApplicationContext.log Manager: list: Listing contexts for virtual host 'localhost'
27-May-2024 04:52:58.516 INFO [http-nio-8080-exec-135] org.apache.catalina.core.ApplicationContext.log Manager: restart: Reloading web application '/WebIntegradoProyecto'
27-May-2024 04:53:51.640 INFO [http-nio-8080-exec-132] org.apache.catalina.core.ApplicationContext.log Manager: list: Listing contexts for virtual host 'localhost'
27-May-2024 04:53:51.644 INFO [http-nio-8080-exec-115] org.apache.catalina.core.ApplicationContext.log Manager: restart: Reloading web application '/WebIntegradoProyecto'
27-May-2024 04:53:52.365 INFO [http-nio-8080-exec-134] org.apache.catalina.core.ApplicationContext.log Manager: list: Listing contexts for virtual host 'localhost'
27-May-2024 04:53:52.369 INFO [http-nio-8080-exec-133] org.apache.catalina.core.ApplicationContext.log Manager: restart: Reloading web application '/WebIntegradoProyecto'
27-May-2024 04:53:54.712 INFO [http-nio-8080-exec-117] org.apache.catalina.core.ApplicationContext.log Manager: list: Listing contexts for virtual host 'localhost'
27-May-2024 04:53:54.716 INFO [http-nio-8080-exec-124] org.apache.catalina.core.ApplicationContext.log Manager: restart: Reloading web application '/WebIntegradoProyecto'
27-May-2024 04:55:33.630 INFO [http-nio-8080-exec-137] org.apache.catalina.core.ApplicationContext.log Manager: list: Listing contexts for virtual host 'localhost'
27-May-2024 04:55:33.634 INFO [http-nio-8080-exec-131] org.apache.catalina.core.ApplicationContext.log Manager: restart: Reloading web application '/WebIntegradoProyecto'
27-May-2024 04:55:36.643 INFO [http-nio-8080-exec-134] org.apache.catalina.core.ApplicationContext.log Manager: list: Listing contexts for virtual host 'localhost'
27-May-2024 04:55:36.652 INFO [http-nio-8080-exec-124] org.apache.catalina.core.ApplicationContext.log Manager: undeploy: Undeploying web application at '/WebIntegradoProyecto'
27-May-2024 04:55:40.327 INFO [http-nio-8080-exec-117] org.apache.catalina.core.ApplicationContext.log Manager: list: Listing contexts for virtual host 'localhost'
27-May-2024 04:55:40.328 INFO [http-nio-8080-exec-115] org.apache.catalina.core.ApplicationContext.log Manager: list: Listing contexts for virtual host 'localhost'
27-May-2024 04:55:40.354 INFO [http-nio-8080-exec-137] org.apache.catalina.core.ApplicationContext.log Manager: install: Installing context configuration at 'file:/C:/Users/David/AppData/Local/Temp/context13077234811934435992.xml'
27-May-2024 04:55:40.800 INFO [http-nio-8080-exec-134] org.apache.catalina.core.ApplicationContext.log Manager: start: Starting web application '/WebIntegradoProyecto'
27-May-2024 05:03:05.767 INFO [http-nio-8080-exec-145] org.apache.catalina.core.ApplicationContext.log Manager: list: Listing contexts for virtual host 'localhost'
27-May-2024 05:03:05.770 INFO [http-nio-8080-exec-146] org.apache.catalina.core.ApplicationContext.log Manager: restart: Reloading web application '/WebIntegradoProyecto'
27-May-2024 05:03:23.883 INFO [http-nio-8080-exec-150] org.apache.catalina.core.ApplicationContext.log Manager: list: Listing contexts for virtual host 'localhost'
27-May-2024 05:03:23.887 INFO [http-nio-8080-exec-149] org.apache.catalina.core.ApplicationContext.log Manager: undeploy: Undeploying web application at '/WebIntegradoProyecto'
27-May-2024 05:03:23.955 INFO [http-nio-8080-exec-153] org.apache.catalina.core.ApplicationContext.log Manager: list: Listing contexts for virtual host 'localhost'
27-May-2024 05:03:24.399 INFO [http-nio-8080-exec-150] org.apache.catalina.core.ApplicationContext.log Manager: restart: Reloading web application '/WebIntegradoProyecto'
27-May-2024 05:03:25.140 INFO [http-nio-8080-exec-147] org.apache.catalina.core.ApplicationContext.log Manager: list: Listing contexts for virtual host 'localhost'
27-May-2024 05:03:25.142 INFO [http-nio-8080-exec-153] org.apache.catalina.core.ApplicationContext.log Manager: list: Listing contexts for virtual host 'localhost'
27-May-2024 05:03:25.148 INFO [http-nio-8080-exec-149] org.apache.catalina.core.ApplicationContext.log Manager: install: Installing context configuration at 'file:/C:/Users/David/AppData/Local/Temp/context3765618650373259819.xml'
27-May-2024 05:03:25.537 INFO [http-nio-8080-exec-150] org.apache.catalina.core.ApplicationContext.log Manager: start: Starting web application '/WebIntegradoProyecto'
27-May-2024 05:09:32.462 INFO [http-nio-8080-exec-158] org.apache.catalina.core.ApplicationContext.log Manager: list: Listing contexts for virtual host 'localhost'
27-May-2024 05:09:32.463 INFO [http-nio-8080-exec-154] org.apache.catalina.core.ApplicationContext.log Manager: list: Listing contexts for virtual host 'localhost'
27-May-2024 05:09:32.467 INFO [http-nio-8080-exec-161] org.apache.catalina.core.ApplicationContext.log Manager: undeploy: Undeploying web application at '/WebIntegradoProyecto'
27-May-2024 05:09:32.996 INFO [http-nio-8080-exec-157] org.apache.catalina.core.ApplicationContext.log Manager: install: Installing context configuration at 'file:/C:/Users/David/AppData/Local/Temp/context11792174040495569064.xml'
27-May-2024 05:09:33.468 INFO [http-nio-8080-exec-160] org.apache.catalina.core.ApplicationContext.log Manager: start: Starting web application '/WebIntegradoProyecto'
27-May-2024 05:09:36.688 INFO [http-nio-8080-exec-155] org.apache.catalina.core.ApplicationContext.log Manager: list: Listing contexts for virtual host 'localhost'
27-May-2024 05:09:36.690 INFO [http-nio-8080-exec-159] org.apache.catalina.core.ApplicationContext.log Manager: undeploy: Undeploying web application at '/WebIntegradoProyecto'
27-May-2024 05:09:39.280 INFO [http-nio-8080-exec-158] org.apache.catalina.core.ApplicationContext.log Manager: list: Listing contexts for virtual host 'localhost'
27-May-2024 05:09:39.282 INFO [http-nio-8080-exec-164] org.apache.catalina.core.ApplicationContext.log Manager: list: Listing contexts for virtual host 'localhost'
27-May-2024 05:09:39.287 INFO [http-nio-8080-exec-163] org.apache.catalina.core.ApplicationContext.log Manager: install: Installing context configuration at 'file:/C:/Users/David/AppData/Local/Temp/context6156310189369156981.xml'
27-May-2024 05:09:39.692 INFO [http-nio-8080-exec-159] org.apache.catalina.core.ApplicationContext.log Manager: start: Starting web application '/WebIntegradoProyecto'
27-May-2024 05:10:21.172 INFO [http-nio-8080-exec-167] org.apache.catalina.core.ApplicationContext.log Manager: list: Listing contexts for virtual host 'localhost'
27-May-2024 05:10:21.176 INFO [http-nio-8080-exec-174] org.apache.catalina.core.ApplicationContext.log Manager: restart: Reloading web application '/WebIntegradoProyecto'
27-May-2024 05:13:18.259 INFO [http-nio-8080-exec-173] org.apache.catalina.core.ApplicationContext.log Manager: list: Listing contexts for virtual host 'localhost'
27-May-2024 05:13:18.263 INFO [http-nio-8080-exec-163] org.apache.catalina.core.ApplicationContext.log Manager: restart: Reloading web application '/WebIntegradoProyecto'
27-May-2024 05:13:28.694 INFO [http-nio-8080-exec-175] org.apache.catalina.core.ApplicationContext.log Manager: list: Listing contexts for virtual host 'localhost'
27-May-2024 05:13:28.697 INFO [http-nio-8080-exec-172] org.apache.catalina.core.ApplicationContext.log Manager: undeploy: Undeploying web application at '/WebIntegradoProyecto'
27-May-2024 05:13:43.860 INFO [http-nio-8080-exec-163] org.apache.catalina.core.ApplicationContext.log Manager: list: Listing contexts for virtual host 'localhost'
27-May-2024 05:13:43.861 INFO [http-nio-8080-exec-176] org.apache.catalina.core.ApplicationContext.log Manager: list: Listing contexts for virtual host 'localhost'
27-May-2024 05:13:43.866 INFO [http-nio-8080-exec-178] org.apache.catalina.core.ApplicationContext.log Manager: install: Installing context configuration at 'file:/C:/Users/David/AppData/Local/Temp/context11097665127085853331.xml'
27-May-2024 05:13:44.280 INFO [http-nio-8080-exec-172] org.apache.catalina.core.ApplicationContext.log Manager: start: Starting web application '/WebIntegradoProyecto'
27-May-2024 05:14:56.540 INFO [http-nio-8080-exec-180] org.apache.catalina.core.ApplicationContext.log Manager: list: Listing contexts for virtual host 'localhost'
27-May-2024 05:14:56.544 INFO [http-nio-8080-exec-183] org.apache.catalina.core.ApplicationContext.log Manager: restart: Reloading web application '/WebIntegradoProyecto'
27-May-2024 05:15:01.090 INFO [http-nio-8080-exec-187] org.apache.catalina.core.ApplicationContext.log Manager: list: Listing contexts for virtual host 'localhost'
27-May-2024 05:15:01.092 INFO [http-nio-8080-exec-180] org.apache.catalina.core.ApplicationContext.log Manager: undeploy: Undeploying web application at '/WebIntegradoProyecto'
27-May-2024 05:15:03.483 INFO [http-nio-8080-exec-186] org.apache.catalina.core.ApplicationContext.log Manager: list: Listing contexts for virtual host 'localhost'
27-May-2024 05:15:03.485 INFO [http-nio-8080-exec-181] org.apache.catalina.core.ApplicationContext.log Manager: list: Listing contexts for virtual host 'localhost'
27-May-2024 05:15:03.491 INFO [http-nio-8080-exec-179] org.apache.catalina.core.ApplicationContext.log Manager: install: Installing context configuration at 'file:/C:/Users/David/AppData/Local/Temp/context14830310684208374848.xml'
27-May-2024 05:15:03.870 INFO [http-nio-8080-exec-180] org.apache.catalina.core.ApplicationContext.log Manager: start: Starting web application '/WebIntegradoProyecto'
27-May-2024 05:15:59.285 INFO [http-nio-8080-exec-1] org.apache.catalina.core.ApplicationContext.log Manager: init: Associated with Deployer 'Catalina:type=Deployer,host=localhost'
27-May-2024 05:15:59.285 INFO [http-nio-8080-exec-1] org.apache.catalina.core.ApplicationContext.log Manager: init: Global resources are available
27-May-2024 05:15:59.697 INFO [http-nio-8080-exec-2] org.apache.catalina.core.ApplicationContext.log Manager: list: Listing contexts for virtual host 'localhost'
27-May-2024 05:15:59.699 INFO [http-nio-8080-exec-5] org.apache.catalina.core.ApplicationContext.log Manager: list: Listing contexts for virtual host 'localhost'
27-May-2024 05:15:59.705 INFO [http-nio-8080-exec-7] org.apache.catalina.core.ApplicationContext.log Manager: undeploy: Undeploying web application at '/WebIntegradoProyecto'
27-May-2024 05:16:00.243 INFO [http-nio-8080-exec-5] org.apache.catalina.core.ApplicationContext.log Manager: install: Installing context configuration at 'file:/C:/Users/David/AppData/Local/Temp/context14690960524227418051.xml'
27-May-2024 05:16:00.733 INFO [http-nio-8080-exec-9] org.apache.catalina.core.ApplicationContext.log Manager: start: Starting web application '/WebIntegradoProyecto'
27-May-2024 05:22:06.981 INFO [http-nio-8080-exec-15] org.apache.catalina.core.ApplicationContext.log Manager: list: Listing contexts for virtual host 'localhost'
27-May-2024 05:22:06.984 INFO [http-nio-8080-exec-18] org.apache.catalina.core.ApplicationContext.log Manager: undeploy: Undeploying web application at '/WebIntegradoProyecto'
27-May-2024 05:22:09.797 INFO [http-nio-8080-exec-22] org.apache.catalina.core.ApplicationContext.log Manager: list: Listing contexts for virtual host 'localhost'
27-May-2024 05:22:09.799 INFO [http-nio-8080-exec-20] org.apache.catalina.core.ApplicationContext.log Manager: list: Listing contexts for virtual host 'localhost'
27-May-2024 05:22:09.805 INFO [http-nio-8080-exec-19] org.apache.catalina.core.ApplicationContext.log Manager: install: Installing context configuration at 'file:/C:/Users/David/AppData/Local/Temp/context12584204599931388073.xml'
27-May-2024 05:22:10.238 INFO [http-nio-8080-exec-12] org.apache.catalina.core.ApplicationContext.log Manager: start: Starting web application '/WebIntegradoProyecto'
27-May-2024 05:24:47.263 INFO [http-nio-8080-exec-24] org.apache.catalina.core.ApplicationContext.log Manager: list: Listing contexts for virtual host 'localhost'
27-May-2024 05:24:47.266 INFO [http-nio-8080-exec-22] org.apache.catalina.core.ApplicationContext.log Manager: undeploy: Undeploying web application at '/WebIntegradoProyecto'
27-May-2024 05:24:56.984 INFO [http-nio-8080-exec-2] org.apache.catalina.core.ApplicationContext.log Manager: init: Associated with Deployer 'Catalina:type=Deployer,host=localhost'
27-May-2024 05:24:56.984 INFO [http-nio-8080-exec-2] org.apache.catalina.core.ApplicationContext.log Manager: init: Global resources are available
27-May-2024 05:26:38.660 INFO [http-nio-8080-exec-5] org.apache.catalina.core.ApplicationContext.log Manager: list: Listing contexts for virtual host 'localhost'
27-May-2024 05:26:38.662 INFO [http-nio-8080-exec-9] org.apache.catalina.core.ApplicationContext.log Manager: list: Listing contexts for virtual host 'localhost'
27-May-2024 05:26:38.669 INFO [http-nio-8080-exec-10] org.apache.catalina.core.ApplicationContext.log Manager: install: Installing context configuration at 'file:/C:/Users/David/AppData/Local/Temp/context16817514390099747893.xml'
27-May-2024 05:26:39.175 INFO [http-nio-8080-exec-1] org.apache.catalina.core.ApplicationContext.log Manager: start: Starting web application '/WebIntegradoProyecto'
27-May-2024 05:33:37.034 INFO [http-nio-8080-exec-7] org.apache.catalina.core.ApplicationContext.log Manager: list: Listing contexts for virtual host 'localhost'
27-May-2024 05:33:37.035 INFO [http-nio-8080-exec-1] org.apache.catalina.core.ApplicationContext.log Manager: list: Listing contexts for virtual host 'localhost'
27-May-2024 05:35:23.189 INFO [http-nio-8080-exec-3] org.apache.catalina.core.ApplicationContext.log Manager: list: Listing contexts for virtual host 'localhost'
27-May-2024 05:35:23.192 INFO [http-nio-8080-exec-8] org.apache.catalina.core.ApplicationContext.log Manager: restart: Reloading web application '/WebIntegradoProyecto'
27-May-2024 05:35:34.188 INFO [http-nio-8080-exec-1] org.apache.catalina.core.ApplicationContext.log Manager: list: Listing contexts for virtual host 'localhost'
27-May-2024 05:35:34.191 INFO [http-nio-8080-exec-7] org.apache.catalina.core.ApplicationContext.log Manager: undeploy: Undeploying web application at '/WebIntegradoProyecto'
27-May-2024 05:35:44.575 INFO [http-nio-8080-exec-3] org.apache.catalina.core.ApplicationContext.log Manager: list: Listing contexts for virtual host 'localhost'
27-May-2024 05:35:44.577 INFO [http-nio-8080-exec-12] org.apache.catalina.core.ApplicationContext.log Manager: list: Listing contexts for virtual host 'localhost'
27-May-2024 05:35:44.582 INFO [http-nio-8080-exec-9] org.apache.catalina.core.ApplicationContext.log Manager: install: Installing context configuration at 'file:/C:/Users/David/AppData/Local/Temp/context12519357184083403218.xml'
27-May-2024 05:35:45.005 INFO [http-nio-8080-exec-7] org.apache.catalina.core.ApplicationContext.log Manager: start: Starting web application '/WebIntegradoProyecto'
27-May-2024 05:37:39.680 INFO [http-nio-8080-exec-15] org.apache.catalina.core.ApplicationContext.log Manager: list: Listing contexts for virtual host 'localhost'
27-May-2024 05:37:39.683 INFO [http-nio-8080-exec-14] org.apache.catalina.core.ApplicationContext.log Manager: restart: Reloading web application '/WebIntegradoProyecto'
27-May-2024 05:37:42.656 INFO [http-nio-8080-exec-16] org.apache.catalina.core.ApplicationContext.log Manager: list: Listing contexts for virtual host 'localhost'
27-May-2024 05:37:42.659 INFO [http-nio-8080-exec-17] org.apache.catalina.core.ApplicationContext.log Manager: undeploy: Undeploying web application at '/WebIntegradoProyecto'
27-May-2024 05:37:44.741 INFO [http-nio-8080-exec-25] org.apache.catalina.core.ApplicationContext.log Manager: list: Listing contexts for virtual host 'localhost'
27-May-2024 05:37:44.743 INFO [http-nio-8080-exec-20] org.apache.catalina.core.ApplicationContext.log Manager: list: Listing contexts for virtual host 'localhost'
27-May-2024 05:37:44.748 INFO [http-nio-8080-exec-16] org.apache.catalina.core.ApplicationContext.log Manager: install: Installing context configuration at 'file:/C:/Users/David/AppData/Local/Temp/context4106521847764081191.xml'
27-May-2024 05:37:45.146 INFO [http-nio-8080-exec-17] org.apache.catalina.core.ApplicationContext.log Manager: start: Starting web application '/WebIntegradoProyecto'
27-May-2024 05:41:32.877 INFO [http-nio-8080-exec-28] org.apache.catalina.core.ApplicationContext.log Manager: list: Listing contexts for virtual host 'localhost'
27-May-2024 05:41:32.881 INFO [http-nio-8080-exec-26] org.apache.catalina.core.ApplicationContext.log Manager: restart: Reloading web application '/WebIntegradoProyecto'
27-May-2024 05:41:33.631 INFO [http-nio-8080-exec-29] org.apache.catalina.core.ApplicationContext.log Manager: list: Listing contexts for virtual host 'localhost'
27-May-2024 05:41:33.635 INFO [http-nio-8080-exec-30] org.apache.catalina.core.ApplicationContext.log Manager: restart: Reloading web application '/WebIntegradoProyecto'
27-May-2024 05:41:47.315 INFO [http-nio-8080-exec-25] org.apache.catalina.core.ApplicationContext.log Manager: list: Listing contexts for virtual host 'localhost'
27-May-2024 05:41:47.318 INFO [http-nio-8080-exec-29] org.apache.catalina.core.ApplicationContext.log Manager: restart: Reloading web application '/WebIntegradoProyecto'
27-May-2024 05:42:08.139 INFO [http-nio-8080-exec-37] org.apache.catalina.core.ApplicationContext.log Manager: list: Listing contexts for virtual host 'localhost'
27-May-2024 05:42:08.143 INFO [http-nio-8080-exec-36] org.apache.catalina.core.ApplicationContext.log Manager: restart: Reloading web application '/WebIntegradoProyecto'
27-May-2024 05:42:59.165 INFO [http-nio-8080-exec-25] org.apache.catalina.core.ApplicationContext.log Manager: list: Listing contexts for virtual host 'localhost'
27-May-2024 05:42:59.169 INFO [http-nio-8080-exec-27] org.apache.catalina.core.ApplicationContext.log Manager: restart: Reloading web application '/WebIntegradoProyecto'
27-May-2024 05:43:16.561 INFO [http-nio-8080-exec-38] org.apache.catalina.core.ApplicationContext.log Manager: list: Listing contexts for virtual host 'localhost'
27-May-2024 05:43:16.563 INFO [http-nio-8080-exec-31] org.apache.catalina.core.ApplicationContext.log Manager: undeploy: Undeploying web application at '/WebIntegradoProyecto'
27-May-2024 05:43:16.635 INFO [http-nio-8080-exec-29] org.apache.catalina.core.ApplicationContext.log Manager: list: Listing contexts for virtual host 'localhost'
27-May-2024 05:43:17.077 INFO [http-nio-8080-exec-39] org.apache.catalina.core.ApplicationContext.log Manager: restart: Reloading web application '/WebIntegradoProyecto'
27-May-2024 05:43:36.047 INFO [http-nio-8080-exec-40] org.apache.catalina.core.ApplicationContext.log Manager: list: Listing contexts for virtual host 'localhost'
27-May-2024 05:43:36.048 INFO [http-nio-8080-exec-38] org.apache.catalina.core.ApplicationContext.log Manager: list: Listing contexts for virtual host 'localhost'
27-May-2024 05:43:36.053 INFO [http-nio-8080-exec-33] org.apache.catalina.core.ApplicationContext.log Manager: install: Installing context configuration at 'file:/C:/Users/David/AppData/Local/Temp/context14369806612672198525.xml'
27-May-2024 05:43:36.449 INFO [http-nio-8080-exec-37] org.apache.catalina.core.ApplicationContext.log Manager: start: Starting web application '/WebIntegradoProyecto'
27-May-2024 05:45:00.967 INFO [http-nio-8080-exec-4] org.apache.catalina.core.ApplicationContext.log Manager: init: Associated with Deployer 'Catalina:type=Deployer,host=localhost'
27-May-2024 05:45:00.967 INFO [http-nio-8080-exec-4] org.apache.catalina.core.ApplicationContext.log Manager: init: Global resources are available
27-May-2024 05:45:00.988 INFO [http-nio-8080-exec-6] org.apache.catalina.core.ApplicationContext.log Manager: list: Listing contexts for virtual host 'localhost'
27-May-2024 05:45:00.992 INFO [http-nio-8080-exec-9] org.apache.catalina.core.ApplicationContext.log Manager: list: Listing contexts for virtual host 'localhost'
27-May-2024 05:51:33.671 INFO [http-nio-8080-exec-7] org.apache.catalina.core.ApplicationContext.log Manager: list: Listing contexts for virtual host 'localhost'
27-May-2024 05:51:33.677 INFO [http-nio-8080-exec-8] org.apache.catalina.core.ApplicationContext.log Manager: restart: Reloading web application '/WebIntegradoProyecto'
27-May-2024 05:51:37.775 INFO [http-nio-8080-exec-2] org.apache.catalina.core.ApplicationContext.log Manager: list: Listing contexts for virtual host 'localhost'
27-May-2024 05:51:37.779 INFO [http-nio-8080-exec-10] org.apache.catalina.core.ApplicationContext.log Manager: undeploy: Undeploying web application at '/WebIntegradoProyecto'
27-May-2024 05:51:41.165 INFO [http-nio-8080-exec-10] org.apache.catalina.core.ApplicationContext.log Manager: list: Listing contexts for virtual host 'localhost'
27-May-2024 05:51:41.167 INFO [http-nio-8080-exec-9] org.apache.catalina.core.ApplicationContext.log Manager: list: Listing contexts for virtual host 'localhost'
27-May-2024 05:51:41.184 INFO [http-nio-8080-exec-5] org.apache.catalina.core.ApplicationContext.log Manager: install: Installing context configuration at 'file:/C:/Users/David/AppData/Local/Temp/context4627638068110269928.xml'
27-May-2024 05:51:41.617 INFO [http-nio-8080-exec-2] org.apache.catalina.core.ApplicationContext.log Manager: start: Starting web application '/WebIntegradoProyecto'
27-May-2024 06:04:37.239 INFO [http-nio-8080-exec-22] org.apache.catalina.core.ApplicationContext.log Manager: list: Listing contexts for virtual host 'localhost'
27-May-2024 06:04:37.245 INFO [http-nio-8080-exec-20] org.apache.catalina.core.ApplicationContext.log Manager: list: Listing contexts for virtual host 'localhost'
27-May-2024 06:04:37.257 INFO [http-nio-8080-exec-13] org.apache.catalina.core.ApplicationContext.log Manager: install: Installing context configuration at 'file:/C:/Users/David/AppData/Local/Temp/context17614912503513815706.xml'
27-May-2024 06:04:37.511 INFO [http-nio-8080-exec-16] org.apache.catalina.core.ApplicationContext.log Manager: start: Starting web application '/prueba'
27-May-2024 14:19:36.233 INFO [http-nio-8080-exec-4] org.apache.catalina.core.ApplicationContext.log Manager: init: Associated with Deployer 'Catalina:type=Deployer,host=localhost'
27-May-2024 14:19:36.233 INFO [http-nio-8080-exec-4] org.apache.catalina.core.ApplicationContext.log Manager: init: Global resources are available
27-May-2024 14:19:36.281 INFO [http-nio-8080-exec-7] org.apache.catalina.core.ApplicationContext.log Manager: list: Listing contexts for virtual host 'localhost'
27-May-2024 14:19:36.284 INFO [http-nio-8080-exec-8] org.apache.catalina.core.ApplicationContext.log Manager: list: Listing contexts for virtual host 'localhost'
